<?xml version="1.0" encoding="UTF-8"?>
<testng-results ignored="0" total="1" passed="1" failed="0" skipped="0">
  <reporter-output>
  </reporter-output>
  <suite started-at="2025-10-27T19:34:09 IST" name="Default suite" finished-at="2025-10-27T19:34:33 IST" duration-ms="24393">
    <groups>
    </groups>
    <test started-at="2025-10-27T19:34:09 IST" name="Default test" finished-at="2025-10-27T19:34:33 IST" duration-ms="24393">
      <class name="testcases.TC01_Logintest">
        <test-method is-config="true" signature="setup()[pri:0, instance:testcases.TC01_Logintest@7d900ecf]" started-at="2025-10-27T19:34:09 IST" name="setup" finished-at="2025-10-27T19:34:27 IST" duration-ms="18380" status="PASS">
          <reporter-output>
          </reporter-output>
        </test-method> <!-- setup -->
        <test-method signature="Logintest()[pri:0, instance:testcases.TC01_Logintest@7d900ecf]" started-at="2025-10-27T19:34:27 IST" name="Logintest" finished-at="2025-10-27T19:34:33 IST" duration-ms="5563" status="PASS">
          <reporter-output>
          </reporter-output>
        </test-method> <!-- Logintest -->
        <test-method is-config="true" signature="teardown()[pri:0, instance:testcases.TC01_Logintest@7d900ecf]" started-at="2025-10-27T19:34:33 IST" name="teardown" finished-at="2025-10-27T19:34:33 IST" duration-ms="369" status="PASS">
          <reporter-output>
          </reporter-output>
        </test-method> <!-- teardown -->
      </class> <!-- testcases.TC01_Logintest -->
    </test> <!-- Default test -->
  </suite> <!-- Default suite -->
</testng-results>
